{"name": "test_navigate_to_add_employee_form", "status": "broken", "statusDetails": {"message": "selenium.common.exceptions.TimeoutException: Message: \nStacktrace:\n\tGetHandleVerifier [0x0129FC83+61635]\n\tGetHandleVerifier [0x0129FCC4+61700]\n\t(No symbol) [0x010C05D3]\n\t(No symbol) [0x0110899E]\n\t(No symbol) [0x01108D3B]\n\t(No symbol) [0x01150E12]\n\t(No symbol) [0x0112D2E4]\n\t(No symbol) [0x0114E61B]\n\t(No symbol) [0x0112D096]\n\t(No symbol) [0x010FC840]\n\t(No symbol) [0x010FD6A4]\n\tGetHandleVerifier [0x015245A3+2701795]\n\tGetHandleVerifier [0x0151FD26+2683238]\n\tGetHandleVerifier [0x0153AA6E+2793134]\n\tGetHandleVerifier [0x012B6945+155013]\n\tGetHandleVerifier [0x012BD02D+181357]\n\tGetHandleVerifier [0x012A74D8+92440]\n\tGetHandleVerifier [0x012A7680+92864]\n\tGetHandleVerifier [0x01292070+5296]\n\tBaseThreadInitThunk [0x76325D49+25]\n\tRtlInitializeExceptionChain [0x77C3D03B+107]\n\tRtlGetAppContainerNamedObjectPath [0x77C3CFC1+561]", "trace": "self = <test_new_contract_employee.Test_ADD_NEW_CONTRACT_EMPLOYEE object at 0x000001818C5D4770>\nlogin_user = <selenium.webdriver.chrome.webdriver.WebDriver (session=\"3f5411043ec0bc993accb545a91d02b1\")>\n\n    def test_navigate_to_add_employee_form(self,login_user):\n         dashboard_page = DashboardPage(login_user)\n>        dashboard_page.click_contract_employees()\n\ntestcases\\test_new_contract_employee.py:12: \n_ _ _ _ _ _ _ _ _ _ _ _ _ _ _ _ _ _ _ _ _ _ _ _ _ _ _ _ _ _ _ _ _ _ _ _ _ _ _ _ _ _ _ _ _ _ _ _ _ _ _ _ _ _ _ _ _ _ _ _ _ _ _ _ _ _ _ _ _ _ _ _ _ \npages\\people_dashboard_page.py:20: in click_contract_employees\n    self.helpers.click(LOC.PEOPLE_ICON)\nutils\\helpers.py:33: in click\n    element = self.wait_for_element(locator, condition=\"clickable\")\nutils\\helpers.py:19: in wait_for_element\n    return self.wait.until(EC.element_to_be_clickable(locator))\n_ _ _ _ _ _ _ _ _ _ _ _ _ _ _ _ _ _ _ _ _ _ _ _ _ _ _ _ _ _ _ _ _ _ _ _ _ _ _ _ _ _ _ _ _ _ _ _ _ _ _ _ _ _ _ _ _ _ _ _ _ _ _ _ _ _ _ _ _ _ _ _ _ \n\nself = <selenium.webdriver.support.wait.WebDriverWait (session=\"3f5411043ec0bc993accb545a91d02b1\")>\nmethod = <function element_to_be_clickable.<locals>._predicate at 0x000001818C668B80>, message = ''\n\n    def until(self, method: Callable[[D], Union[Literal[False], T]], message: str = \"\") -> T:\n        \"\"\"Calls the method provided with the driver as an argument until the \\\n        return value does not evaluate to ``False``.\n    \n        :param method: callable(WebDriver)\n        :param message: optional message for :exc:`TimeoutException`\n        :returns: the result of the last call to `method`\n        :raises: :exc:`selenium.common.exceptions.TimeoutException` if timeout occurs\n        \"\"\"\n        screen = None\n        stacktrace = None\n    \n        end_time = time.monotonic() + self._timeout\n        while True:\n            try:\n                value = method(self._driver)\n                if value:\n                    return value\n            except self._ignored_exceptions as exc:\n                screen = getattr(exc, \"screen\", None)\n                stacktrace = getattr(exc, \"stacktrace\", None)\n            if time.monotonic() > end_time:\n                break\n            time.sleep(self._poll)\n>       raise TimeoutException(message, screen, stacktrace)\nE       selenium.common.exceptions.TimeoutException: Message: \nE       Stacktrace:\nE       \tGetHandleVerifier [0x0129FC83+61635]\nE       \tGetHandleVerifier [0x0129FCC4+61700]\nE       \t(No symbol) [0x010C05D3]\nE       \t(No symbol) [0x0110899E]\nE       \t(No symbol) [0x01108D3B]\nE       \t(No symbol) [0x01150E12]\nE       \t(No symbol) [0x0112D2E4]\nE       \t(No symbol) [0x0114E61B]\nE       \t(No symbol) [0x0112D096]\nE       \t(No symbol) [0x010FC840]\nE       \t(No symbol) [0x010FD6A4]\nE       \tGetHandleVerifier [0x015245A3+2701795]\nE       \tGetHandleVerifier [0x0151FD26+2683238]\nE       \tGetHandleVerifier [0x0153AA6E+2793134]\nE       \tGetHandleVerifier [0x012B6945+155013]\nE       \tGetHandleVerifier [0x012BD02D+181357]\nE       \tGetHandleVerifier [0x012A74D8+92440]\nE       \tGetHandleVerifier [0x012A7680+92864]\nE       \tGetHandleVerifier [0x01292070+5296]\nE       \tBaseThreadInitThunk [0x76325D49+25]\nE       \tRtlInitializeExceptionChain [0x77C3D03B+107]\nE       \tRtlGetAppContainerNamedObjectPath [0x77C3CFC1+561]\n\nC:\\Users\\Sinergia\\AppData\\Local\\Programs\\Python\\Python312\\Lib\\site-packages\\selenium\\webdriver\\support\\wait.py:105: TimeoutException"}, "attachments": [{"name": "Failure_Screenshot_test_navigate_to_add_employee_form_20250521_145114", "source": "a747b8fe-558b-4909-b4c2-36488adbdc20-attachment.png", "type": "image/png"}], "start": 1747819264029, "stop": 1747819274400, "uuid": "e3dc07ac-2b7c-4f72-9b68-9f775b815651", "historyId": "140765463470d8a9e8c0f69a04e227fa", "testCaseId": "140765463470d8a9e8c0f69a04e227fa", "fullName": "testcases.test_new_contract_employee.Test_ADD_NEW_CONTRACT_EMPLOYEE#test_navigate_to_add_employee_form", "labels": [{"name": "parentSuite", "value": "testcases"}, {"name": "suite", "value": "test_new_contract_employee"}, {"name": "subSuite", "value": "Test_ADD_NEW_CONTRACT_EMPLOYEE"}, {"name": "host", "value": "DESKTOP-LIFTNJ8"}, {"name": "thread", "value": "21108-MainThread"}, {"name": "framework", "value": "pytest"}, {"name": "language", "value": "cpython3"}, {"name": "package", "value": "testcases.test_new_contract_employee"}]}